<?xml version="1.0" encoding="UTF-8"?>
<testng-results ignored="0" total="1" passed="1" failed="0" skipped="0">
  <reporter-output>
    <line>
      <![CDATA[Customer Created]]>
    </line>
  </reporter-output>
  <suite started-at="2024-09-01T10:52:08 IST" name="Default suite" finished-at="2024-09-01T10:52:08 IST" duration-ms="61">
    <groups>
    </groups>
    <test started-at="2024-09-01T10:52:08 IST" name="Default test" finished-at="2024-09-01T10:52:08 IST" duration-ms="61">
      <class name="com.actitime.testscript.CustomerModule">
        <test-method signature="CreateCust()[pri:0, instance:com.actitime.testscript.CustomerModule@6ae5aa72]" started-at="2024-09-01T10:52:08 IST" name="CreateCust" finished-at="2024-09-01T10:52:08 IST" duration-ms="13" status="PASS">
          <reporter-output>
            <line>
              <![CDATA[Customer Created]]>
            </line>
          </reporter-output>
        </test-method> <!-- CreateCust -->
      </class> <!-- com.actitime.testscript.CustomerModule -->
    </test> <!-- Default test -->
  </suite> <!-- Default suite -->
</testng-results>
